TN:
SF:/home/themanhimself/Documents/Dev/Free-Mentors/app.js
FN:21,(anonymous_1)
FN:25,(anonymous_2)
FN:29,(anonymous_3)
FN:33,(anonymous_4)
FN:37,(anonymous_5)
FN:41,(anonymous_6)
FN:45,(anonymous_7)
FN:49,(anonymous_8)
FN:53,(anonymous_9)
FN:66,(anonymous_10)
FNF:10
FNH:1
FNDA:0,(anonymous_1)
FNDA:0,(anonymous_2)
FNDA:0,(anonymous_3)
FNDA:0,(anonymous_4)
FNDA:0,(anonymous_5)
FNDA:0,(anonymous_6)
FNDA:0,(anonymous_7)
FNDA:0,(anonymous_8)
FNDA:0,(anonymous_9)
FNDA:1,(anonymous_10)
DA:1,1
DA:2,1
DA:3,1
DA:4,1
DA:6,1
DA:7,1
DA:9,1
DA:10,1
DA:11,1
DA:14,1
DA:17,1
DA:18,1
DA:21,1
DA:22,0
DA:25,1
DA:26,0
DA:29,1
DA:30,0
DA:33,1
DA:34,0
DA:37,1
DA:38,0
DA:41,1
DA:42,0
DA:45,1
DA:46,0
DA:49,1
DA:50,0
DA:53,1
DA:54,0
DA:57,1
DA:60,1
DA:63,1
DA:64,1
DA:66,1
DA:67,1
DA:70,1
LF:37
LH:28
BRDA:9,0,0,1
BRDA:9,0,1,1
BRF:2
BRH:2
end_of_record
TN:
SF:/home/themanhimself/Documents/Dev/Free-Mentors/controllers/userController.js
FN:12,getAllUsers
FN:21,(anonymous_8)
FNF:2
FNH:0
FNDA:0,getAllUsers
FNDA:0,(anonymous_8)
DA:3,1
DA:4,1
DA:5,1
DA:6,1
DA:8,1
DA:12,0
DA:13,0
DA:15,0
DA:16,0
DA:21,0
DA:22,0
DA:23,0
DA:28,0
DA:38,1
LF:14
LH:6
BRDA:15,0,0,0
BRDA:15,0,1,0
BRDA:15,1,0,0
BRDA:15,1,1,0
BRDA:22,2,0,0
BRDA:22,2,1,0
BRF:6
BRH:0
end_of_record
TN:
SF:/home/themanhimself/Documents/Dev/Free-Mentors/controllers/auth/Key.js
FNF:0
FNH:0
DA:1,1
DA:3,1
DA:5,1
LF:3
LH:3
BRF:0
BRH:0
end_of_record
TN:
SF:/home/themanhimself/Documents/Dev/Free-Mentors/controllers/auth/signinController.js
FN:8,signIn
FN:13,(anonymous_8)
FN:17,(anonymous_9)
FN:37,(anonymous_10)
FNF:4
FNH:2
FNDA:1,signIn
FNDA:3,(anonymous_8)
FNDA:0,(anonymous_9)
FNDA:0,(anonymous_10)
DA:1,1
DA:2,1
DA:3,1
DA:4,1
DA:8,1
DA:9,1
DA:11,1
DA:12,1
DA:13,3
DA:16,1
DA:17,0
DA:18,0
DA:19,0
DA:24,0
DA:36,1
DA:37,0
DA:38,0
DA:39,0
DA:44,0
LF:19
LH:11
BRDA:11,0,0,1
BRDA:11,0,1,0
BRDA:11,1,0,1
BRDA:11,1,1,1
BRDA:13,2,0,3
BRDA:13,2,1,0
BRDA:16,3,0,0
BRDA:16,3,1,1
BRDA:18,4,0,0
BRDA:18,4,1,0
BRDA:36,5,0,0
BRDA:36,5,1,1
BRDA:36,6,0,1
BRDA:36,6,1,0
BRDA:38,7,0,0
BRDA:38,7,1,0
BRF:16
BRH:7
end_of_record
TN:
SF:/home/themanhimself/Documents/Dev/Free-Mentors/controllers/auth/signupController.js
FN:7,signUp
FN:34,(anonymous_8)
FN:47,(anonymous_9)
FNF:3
FNH:3
FNDA:3,signUp
FNDA:9,(anonymous_8)
FNDA:2,(anonymous_9)
DA:1,1
DA:2,1
DA:3,1
DA:4,1
DA:7,3
DA:18,3
DA:20,3
DA:33,3
DA:34,9
DA:37,3
DA:38,1
DA:44,3
DA:45,1
DA:47,2
DA:48,2
DA:49,0
DA:54,2
DA:63,2
LF:18
LH:17
BRDA:34,0,0,9
BRDA:34,0,1,1
BRDA:37,1,0,1
BRDA:37,1,1,2
BRDA:44,2,0,1
BRDA:44,2,1,2
BRDA:44,3,0,3
BRDA:44,3,1,2
BRDA:44,3,2,2
BRDA:48,4,0,0
BRDA:48,4,1,2
BRF:11
BRH:10
end_of_record
TN:
SF:/home/themanhimself/Documents/Dev/Free-Mentors/dummyData/Admin.js
FNF:0
FNH:0
DA:1,1
DA:8,1
LF:2
LH:2
BRF:0
BRH:0
end_of_record
TN:
SF:/home/themanhimself/Documents/Dev/Free-Mentors/dummyData/Mentors.js
FNF:0
FNH:0
DA:1,1
DA:40,1
LF:2
LH:2
BRF:0
BRH:0
end_of_record
TN:
SF:/home/themanhimself/Documents/Dev/Free-Mentors/dummyData/Users.js
FNF:0
FNH:0
DA:1,1
DA:40,1
LF:2
LH:2
BRF:0
BRH:0
end_of_record
TN:
SF:/home/themanhimself/Documents/Dev/Free-Mentors/routes/auth.js
FNF:0
FNH:0
DA:1,1
DA:2,1
DA:3,1
DA:5,1
DA:6,1
DA:9,1
DA:12,1
LF:7
LH:7
BRF:0
BRH:0
end_of_record
TN:
SF:/home/themanhimself/Documents/Dev/Free-Mentors/routes/user.js
FNF:0
FNH:0
DA:1,1
DA:2,1
DA:4,1
DA:7,1
DA:11,1
LF:5
LH:5
BRF:0
BRH:0
end_of_record
TN:
SF:/home/themanhimself/Documents/Dev/Free-Mentors/tests/mockData/signIn.js
FNF:0
FNH:0
DA:1,1
DA:20,1
LF:2
LH:2
BRF:0
BRH:0
end_of_record
TN:
SF:/home/themanhimself/Documents/Dev/Free-Mentors/tests/mockData/signUp.js
FNF:0
FNH:0
DA:1,1
DA:24,1
LF:2
LH:2
BRF:0
BRH:0
end_of_record
