TN:
SF:/home/themanhimself/Documents/Dev/Free-Mentors/app.js
FN:21,(anonymous_1)
FN:25,(anonymous_2)
FN:29,(anonymous_3)
FN:33,(anonymous_4)
FN:37,(anonymous_5)
FN:41,(anonymous_6)
FN:45,(anonymous_7)
FN:49,(anonymous_8)
FN:53,(anonymous_9)
FN:68,(anonymous_10)
FNF:10
FNH:1
FNDA:0,(anonymous_1)
FNDA:0,(anonymous_2)
FNDA:0,(anonymous_3)
FNDA:0,(anonymous_4)
FNDA:0,(anonymous_5)
FNDA:0,(anonymous_6)
FNDA:0,(anonymous_7)
FNDA:0,(anonymous_8)
FNDA:0,(anonymous_9)
FNDA:1,(anonymous_10)
DA:1,1
DA:2,1
DA:3,1
DA:4,1
DA:6,1
DA:7,1
DA:9,1
DA:10,1
DA:11,1
DA:14,1
DA:17,1
DA:18,1
DA:21,1
DA:22,0
DA:25,1
DA:26,0
DA:29,1
DA:30,0
DA:33,1
DA:34,0
DA:37,1
DA:38,0
DA:41,1
DA:42,0
DA:45,1
DA:46,0
DA:49,1
DA:50,0
DA:53,1
DA:54,0
DA:57,1
DA:60,1
DA:61,1
DA:64,1
DA:65,1
DA:66,1
DA:68,1
DA:69,1
DA:72,1
LF:39
LH:30
BRDA:9,0,0,1
BRDA:9,0,1,1
BRF:2
BRH:2
end_of_record
TN:
SF:/home/themanhimself/Documents/Dev/Free-Mentors/controllers/userController.js
FN:9,getAllUsers
FN:16,getAllMentors
FNF:2
FNH:1
FNDA:0,getAllUsers
FNDA:1,getAllMentors
DA:4,1
DA:5,1
DA:10,0
DA:17,1
DA:23,1
LF:5
LH:4
BRF:0
BRH:0
end_of_record
TN:
SF:/home/themanhimself/Documents/Dev/Free-Mentors/controllers/auth/Key.js
FNF:0
FNH:0
DA:1,1
DA:3,1
DA:5,1
LF:3
LH:3
BRF:0
BRH:0
end_of_record
TN:
SF:/home/themanhimself/Documents/Dev/Free-Mentors/controllers/auth/adminLoginController.js
FN:12,signIn
FN:15,(anonymous_7)
FN:25,(anonymous_8)
FNF:3
FNH:3
FNDA:4,signIn
FNDA:4,(anonymous_7)
FNDA:4,(anonymous_8)
DA:1,1
DA:2,1
DA:3,1
DA:5,1
DA:12,4
DA:13,4
DA:15,4
DA:16,4
DA:17,3
DA:24,4
DA:25,4
DA:28,4
DA:29,1
DA:30,1
DA:38,3
LF:15
LH:15
BRDA:16,0,0,3
BRDA:16,0,1,1
BRDA:25,1,0,4
BRDA:25,1,1,2
BRDA:28,2,0,1
BRDA:28,2,1,3
BRF:6
BRH:6
end_of_record
TN:
SF:/home/themanhimself/Documents/Dev/Free-Mentors/controllers/auth/signinController.js
FN:12,signIn
FN:15,(anonymous_7)
FN:25,(anonymous_8)
FNF:3
FNH:3
FNDA:4,signIn
FNDA:4,(anonymous_7)
FNDA:11,(anonymous_8)
DA:1,1
DA:2,1
DA:3,1
DA:5,1
DA:12,4
DA:13,4
DA:15,4
DA:16,4
DA:17,3
DA:24,4
DA:25,11
DA:28,4
DA:29,1
DA:30,1
DA:38,3
LF:15
LH:15
BRDA:16,0,0,3
BRDA:16,0,1,1
BRDA:25,1,0,11
BRDA:25,1,1,2
BRDA:28,2,0,1
BRDA:28,2,1,3
BRF:6
BRH:6
end_of_record
TN:
SF:/home/themanhimself/Documents/Dev/Free-Mentors/controllers/auth/signupController.js
FN:7,signUp
FN:34,(anonymous_7)
FNF:2
FNH:2
FNDA:4,signUp
FNDA:12,(anonymous_7)
DA:1,1
DA:2,1
DA:3,1
DA:7,4
DA:18,4
DA:20,4
DA:33,4
DA:34,12
DA:37,4
DA:38,1
DA:44,4
DA:45,2
DA:57,2
DA:59,2
DA:60,2
DA:78,1
LF:16
LH:16
BRDA:34,0,0,12
BRDA:34,0,1,1
BRDA:37,1,0,1
BRDA:37,1,1,3
BRDA:44,2,0,2
BRDA:44,2,1,2
BRDA:44,3,0,4
BRDA:44,3,1,3
BRDA:44,3,2,3
BRF:9
BRH:9
end_of_record
TN:
SF:/home/themanhimself/Documents/Dev/Free-Mentors/dummyData/Admin.js
FNF:0
FNH:0
DA:1,1
DA:10,1
LF:2
LH:2
BRF:0
BRH:0
end_of_record
TN:
SF:/home/themanhimself/Documents/Dev/Free-Mentors/dummyData/Mentors.js
FNF:0
FNH:0
DA:1,1
DA:40,1
LF:2
LH:2
BRF:0
BRH:0
end_of_record
TN:
SF:/home/themanhimself/Documents/Dev/Free-Mentors/dummyData/Users.js
FNF:0
FNH:0
DA:1,1
DA:40,1
LF:2
LH:2
BRF:0
BRH:0
end_of_record
TN:
SF:/home/themanhimself/Documents/Dev/Free-Mentors/helpers/createNewToken.js
FN:4,createToken
FNF:1
FNH:1
FNDA:5,createToken
DA:1,1
DA:2,1
DA:4,1
DA:5,5
DA:8,5
DA:11,1
LF:6
LH:6
BRF:0
BRH:0
end_of_record
TN:
SF:/home/themanhimself/Documents/Dev/Free-Mentors/middleware/getUserRole.js
FN:6,checkforUser
FN:9,(anonymous_2)
FN:23,checkforAdmin
FN:26,(anonymous_4)
FNF:4
FNH:2
FNDA:1,checkforUser
FNDA:2,(anonymous_2)
FNDA:0,checkforAdmin
FNDA:0,(anonymous_4)
DA:1,1
DA:2,1
DA:6,1
DA:7,1
DA:8,1
DA:9,2
DA:12,1
DA:13,1
DA:14,1
DA:16,0
DA:23,1
DA:24,0
DA:25,0
DA:26,0
DA:29,0
DA:30,0
DA:31,0
DA:33,0
LF:18
LH:10
BRDA:9,0,0,2
BRDA:9,0,1,1
BRDA:12,1,0,1
BRDA:12,1,1,0
BRDA:26,2,0,0
BRDA:26,2,1,0
BRDA:29,3,0,0
BRDA:29,3,1,0
BRF:8
BRH:3
end_of_record
TN:
SF:/home/themanhimself/Documents/Dev/Free-Mentors/middleware/verifyToken.js
FN:13,verifyToken
FNF:1
FNH:1
FNDA:1,verifyToken
DA:10,1
DA:11,1
DA:13,1
DA:14,1
DA:15,0
DA:20,1
DA:21,1
DA:22,1
DA:24,1
DA:25,0
DA:30,1
DA:31,1
DA:32,1
DA:33,1
DA:35,0
DA:42,1
LF:16
LH:13
BRDA:14,0,0,0
BRDA:14,0,1,1
BRDA:24,1,0,0
BRDA:24,1,1,1
BRF:4
BRH:2
end_of_record
TN:
SF:/home/themanhimself/Documents/Dev/Free-Mentors/routes/auth.js
FNF:0
FNH:0
DA:1,1
DA:2,1
DA:3,1
DA:4,1
DA:6,1
DA:7,1
DA:8,1
DA:11,1
DA:14,1
DA:15,1
LF:10
LH:10
BRF:0
BRH:0
end_of_record
TN:
SF:/home/themanhimself/Documents/Dev/Free-Mentors/routes/user.js
FNF:0
FNH:0
DA:1,1
DA:2,1
DA:3,1
DA:5,1
DA:7,1
DA:8,1
DA:11,1
DA:12,1
LF:8
LH:8
BRF:0
BRH:0
end_of_record
TN:
SF:/home/themanhimself/Documents/Dev/Free-Mentors/tests/mockData/signIn.js
FNF:0
FNH:0
DA:1,1
DA:20,1
LF:2
LH:2
BRF:0
BRH:0
end_of_record
TN:
SF:/home/themanhimself/Documents/Dev/Free-Mentors/tests/mockData/signUp.js
FNF:0
FNH:0
DA:1,1
DA:24,1
LF:2
LH:2
BRF:0
BRH:0
end_of_record
